Determining if the pthread_create exist failed with the following output:
Change Dir: /home/dallddungi/keti_ws/build/CMakeFiles/CMakeTmp

Run Build Command:"/usr/bin/make" "cmTC_c6c95/fast"
/usr/bin/make -f CMakeFiles/cmTC_c6c95.dir/build.make CMakeFiles/cmTC_c6c95.dir/build
make[1]: Entering directory '/home/dallddungi/keti_ws/build/CMakeFiles/CMakeTmp'
Building C object CMakeFiles/cmTC_c6c95.dir/CheckSymbolExists.c.o
/usr/bin/cc     -o CMakeFiles/cmTC_c6c95.dir/CheckSymbolExists.c.o   -c /home/dallddungi/keti_ws/build/CMakeFiles/CMakeTmp/CheckSymbolExists.c
Linking C executable cmTC_c6c95
/usr/bin/cmake -E cmake_link_script CMakeFiles/cmTC_c6c95.dir/link.txt --verbose=1
/usr/bin/cc       CMakeFiles/cmTC_c6c95.dir/CheckSymbolExists.c.o  -o cmTC_c6c95 -rdynamic 
CMakeFiles/cmTC_c6c95.dir/CheckSymbolExists.c.o: In function `main':
CheckSymbolExists.c:(.text+0x16): undefined reference to `pthread_create'
collect2: error: ld returned 1 exit status
CMakeFiles/cmTC_c6c95.dir/build.make:97: recipe for target 'cmTC_c6c95' failed
make[1]: *** [cmTC_c6c95] Error 1
make[1]: Leaving directory '/home/dallddungi/keti_ws/build/CMakeFiles/CMakeTmp'
Makefile:126: recipe for target 'cmTC_c6c95/fast' failed
make: *** [cmTC_c6c95/fast] Error 2

File /home/dallddungi/keti_ws/build/CMakeFiles/CMakeTmp/CheckSymbolExists.c:
/* */
#include <pthread.h>

int main(int argc, char** argv)
{
  (void)argv;
#ifndef pthread_create
  return ((int*)(&pthread_create))[argc];
#else
  (void)argc;
  return 0;
#endif
}

Determining if the function pthread_create exists in the pthreads failed with the following output:
Change Dir: /home/dallddungi/keti_ws/build/CMakeFiles/CMakeTmp

Run Build Command:"/usr/bin/make" "cmTC_04e12/fast"
/usr/bin/make -f CMakeFiles/cmTC_04e12.dir/build.make CMakeFiles/cmTC_04e12.dir/build
make[1]: Entering directory '/home/dallddungi/keti_ws/build/CMakeFiles/CMakeTmp'
Building C object CMakeFiles/cmTC_04e12.dir/CheckFunctionExists.c.o
/usr/bin/cc    -DCHECK_FUNCTION_EXISTS=pthread_create   -o CMakeFiles/cmTC_04e12.dir/CheckFunctionExists.c.o   -c /usr/share/cmake-3.5/Modules/CheckFunctionExists.c
Linking C executable cmTC_04e12
/usr/bin/cmake -E cmake_link_script CMakeFiles/cmTC_04e12.dir/link.txt --verbose=1
/usr/bin/cc   -DCHECK_FUNCTION_EXISTS=pthread_create    CMakeFiles/cmTC_04e12.dir/CheckFunctionExists.c.o  -o cmTC_04e12 -rdynamic -lpthreads 
/usr/bin/ld: cannot find -lpthreads
collect2: error: ld returned 1 exit status
CMakeFiles/cmTC_04e12.dir/build.make:97: recipe for target 'cmTC_04e12' failed
make[1]: *** [cmTC_04e12] Error 1
make[1]: Leaving directory '/home/dallddungi/keti_ws/build/CMakeFiles/CMakeTmp'
Makefile:126: recipe for target 'cmTC_04e12/fast' failed
make: *** [cmTC_04e12/fast] Error 2


Determining if the Q_WS_WIN exist failed with the following output:
Change Dir: /home/dallddungi/keti_ws/build/CMakeFiles/CMakeTmp

Run Build Command:"/usr/bin/make" "cmTC_0b6fb/fast"
make[1]: Entering directory '/home/dallddungi/keti_ws/build/CMakeFiles/CMakeTmp'
/usr/bin/make -f CMakeFiles/cmTC_0b6fb.dir/build.make CMakeFiles/cmTC_0b6fb.dir/build
make[2]: Entering directory '/home/dallddungi/keti_ws/build/CMakeFiles/CMakeTmp'
Building CXX object CMakeFiles/cmTC_0b6fb.dir/CheckSymbolExists.cxx.o
/usr/bin/c++    -I/usr/include/qt4  -std=c++11 -Wall    -o CMakeFiles/cmTC_0b6fb.dir/CheckSymbolExists.cxx.o -c /home/dallddungi/keti_ws/build/CMakeFiles/CMakeTmp/CheckSymbolExists.cxx
/home/dallddungi/keti_ws/build/CMakeFiles/CMakeTmp/CheckSymbolExists.cxx: In function 'int main(int, char**)':
/home/dallddungi/keti_ws/build/CMakeFiles/CMakeTmp/CheckSymbolExists.cxx:8:19: error: 'Q_WS_WIN' was not declared in this scope
   return ((int*)(&Q_WS_WIN))[argc];
                   ^
CMakeFiles/cmTC_0b6fb.dir/build.make:65: recipe for target 'CMakeFiles/cmTC_0b6fb.dir/CheckSymbolExists.cxx.o' failed
make[2]: *** [CMakeFiles/cmTC_0b6fb.dir/CheckSymbolExists.cxx.o] Error 1
make[2]: Leaving directory '/home/dallddungi/keti_ws/build/CMakeFiles/CMakeTmp'
Makefile:126: recipe for target 'cmTC_0b6fb/fast' failed
make[1]: *** [cmTC_0b6fb/fast] Error 2
make[1]: Leaving directory '/home/dallddungi/keti_ws/build/CMakeFiles/CMakeTmp'

File /home/dallddungi/keti_ws/build/CMakeFiles/CMakeTmp/CheckSymbolExists.cxx:
/* */
#include <QtCore/qglobal.h>

int main(int argc, char** argv)
{
  (void)argv;
#ifndef Q_WS_WIN
  return ((int*)(&Q_WS_WIN))[argc];
#else
  (void)argc;
  return 0;
#endif
}

Determining if the Q_WS_QWS exist failed with the following output:
Change Dir: /home/dallddungi/keti_ws/build/CMakeFiles/CMakeTmp

Run Build Command:"/usr/bin/make" "cmTC_c4b62/fast"
make[1]: Entering directory '/home/dallddungi/keti_ws/build/CMakeFiles/CMakeTmp'
/usr/bin/make -f CMakeFiles/cmTC_c4b62.dir/build.make CMakeFiles/cmTC_c4b62.dir/build
make[2]: Entering directory '/home/dallddungi/keti_ws/build/CMakeFiles/CMakeTmp'
Building CXX object CMakeFiles/cmTC_c4b62.dir/CheckSymbolExists.cxx.o
/usr/bin/c++    -I/usr/include/qt4  -std=c++11 -Wall    -o CMakeFiles/cmTC_c4b62.dir/CheckSymbolExists.cxx.o -c /home/dallddungi/keti_ws/build/CMakeFiles/CMakeTmp/CheckSymbolExists.cxx
/home/dallddungi/keti_ws/build/CMakeFiles/CMakeTmp/CheckSymbolExists.cxx: In function 'int main(int, char**)':
/home/dallddungi/keti_ws/build/CMakeFiles/CMakeTmp/CheckSymbolExists.cxx:8:19: error: 'Q_WS_QWS' was not declared in this scope
   return ((int*)(&Q_WS_QWS))[argc];
                   ^
CMakeFiles/cmTC_c4b62.dir/build.make:65: recipe for target 'CMakeFiles/cmTC_c4b62.dir/CheckSymbolExists.cxx.o' failed
make[2]: *** [CMakeFiles/cmTC_c4b62.dir/CheckSymbolExists.cxx.o] Error 1
make[2]: Leaving directory '/home/dallddungi/keti_ws/build/CMakeFiles/CMakeTmp'
Makefile:126: recipe for target 'cmTC_c4b62/fast' failed
make[1]: *** [cmTC_c4b62/fast] Error 2
make[1]: Leaving directory '/home/dallddungi/keti_ws/build/CMakeFiles/CMakeTmp'

File /home/dallddungi/keti_ws/build/CMakeFiles/CMakeTmp/CheckSymbolExists.cxx:
/* */
#include <QtCore/qglobal.h>

int main(int argc, char** argv)
{
  (void)argv;
#ifndef Q_WS_QWS
  return ((int*)(&Q_WS_QWS))[argc];
#else
  (void)argc;
  return 0;
#endif
}

Determining if the Q_WS_MAC exist failed with the following output:
Change Dir: /home/dallddungi/keti_ws/build/CMakeFiles/CMakeTmp

Run Build Command:"/usr/bin/make" "cmTC_36e9c/fast"
make[1]: Entering directory '/home/dallddungi/keti_ws/build/CMakeFiles/CMakeTmp'
/usr/bin/make -f CMakeFiles/cmTC_36e9c.dir/build.make CMakeFiles/cmTC_36e9c.dir/build
make[2]: Entering directory '/home/dallddungi/keti_ws/build/CMakeFiles/CMakeTmp'
Building CXX object CMakeFiles/cmTC_36e9c.dir/CheckSymbolExists.cxx.o
/usr/bin/c++    -I/usr/include/qt4  -std=c++11 -Wall    -o CMakeFiles/cmTC_36e9c.dir/CheckSymbolExists.cxx.o -c /home/dallddungi/keti_ws/build/CMakeFiles/CMakeTmp/CheckSymbolExists.cxx
/home/dallddungi/keti_ws/build/CMakeFiles/CMakeTmp/CheckSymbolExists.cxx: In function 'int main(int, char**)':
/home/dallddungi/keti_ws/build/CMakeFiles/CMakeTmp/CheckSymbolExists.cxx:8:19: error: 'Q_WS_MAC' was not declared in this scope
   return ((int*)(&Q_WS_MAC))[argc];
                   ^
CMakeFiles/cmTC_36e9c.dir/build.make:65: recipe for target 'CMakeFiles/cmTC_36e9c.dir/CheckSymbolExists.cxx.o' failed
make[2]: *** [CMakeFiles/cmTC_36e9c.dir/CheckSymbolExists.cxx.o] Error 1
make[2]: Leaving directory '/home/dallddungi/keti_ws/build/CMakeFiles/CMakeTmp'
Makefile:126: recipe for target 'cmTC_36e9c/fast' failed
make[1]: *** [cmTC_36e9c/fast] Error 2
make[1]: Leaving directory '/home/dallddungi/keti_ws/build/CMakeFiles/CMakeTmp'

File /home/dallddungi/keti_ws/build/CMakeFiles/CMakeTmp/CheckSymbolExists.cxx:
/* */
#include <QtCore/qglobal.h>

int main(int argc, char** argv)
{
  (void)argv;
#ifndef Q_WS_MAC
  return ((int*)(&Q_WS_MAC))[argc];
#else
  (void)argc;
  return 0;
#endif
}

